<?xml version="1.0" encoding="UTF-8"?>
<testsuite xmlns:xsi="http://www.w3.org/2001/XMLSchema-instance" xsi:noNamespaceSchemaLocation="https://maven.apache.org/surefire/maven-surefire-plugin/xsd/surefire-test-report-3.0.xsd" version="3.0" name="com.mssd.controller.CustomRequestControllerTest" time="2.299" tests="14" errors="0" skipped="0" failures="0">
  <properties>
[...]
</properties>
  <testcase name="getCustomRequestById_ValidId_ReturnsRequest" classname="com.mssd.controller.CustomRequestControllerTest" time="0.213">
    <system-out><![CDATA[2025-09-19 08:40:19 -INFO -o.s.test.context.support.AnnotationConfigContextLoaderUtils Could not detect default configuration classes for test class [com.mssd.controller.CustomRequestControllerTest]: CustomRequestControllerTest does not declare any static, non-private, non-final, nested classes annotated with @Configuration. 
2025-09-19 08:40:19 -INFO -o.s.boot.test.context.SpringBootTestContextBootstrapper Found @SpringBootConfiguration com.mssd.MssdApplication for test class com.mssd.controller.CustomRequestControllerTest 

  .   ____          _            __ _ _
 /\\ / ___'_ __ _ _(_)_ __  __ _ \ \ \ \
( ( )\___ | '_ | '_| | '_ \/ _` | \ \ \ \
 \\/  ___)| |_)| | | | | || (_| |  ) ) ) )
  '  |____| .__|_| |_|_| |_\__, | / / / /
 =========|_|==============|___/=/_/_/_/
 :: Spring Boot ::                (v3.2.0)

2025-09-19 08:40:19 -INFO -com.mssd.controller.CustomRequestControllerTest Starting CustomRequestControllerTest using Java 17.0.16 with PID 4123 (started by runner in /home/runner/work/MSSD/MSSD/mssd-backend) 
2025-09-19 08:40:19 -DEBUG -com.mssd.controller.CustomRequestControllerTest Running with Spring Boot v3.2.0, Spring v6.1.1 
2025-09-19 08:40:19 -INFO -com.mssd.controller.CustomRequestControllerTest No active profile set, falling back to 1 default profile: "default" 
2025-09-19 08:40:19 -DEBUG -o.s.web.context.support.GenericWebApplicationContext Refreshing org.springframework.web.context.support.GenericWebApplicationContext@78324e97 
2025-09-19 08:40:21 -DEBUG -o.s.w.s.mvc.method.annotation.RequestMappingHandlerMapping 17 mappings in 'requestMappingHandlerMapping' 
2025-09-19 08:40:21 -DEBUG -o.s.web.servlet.handler.SimpleUrlHandlerMapping Patterns [/webjars/**, /**] in 'resourceHandlerMapping' 
2025-09-19 08:40:21 -DEBUG -o.s.w.s.mvc.method.annotation.RequestMappingHandlerAdapter ControllerAdvice beans: 0 @ModelAttribute, 0 @InitBinder, 1 RequestBodyAdvice, 1 ResponseBodyAdvice 
2025-09-19 08:40:21 -DEBUG -o.s.w.s.m.m.annotation.ExceptionHandlerExceptionResolver ControllerAdvice beans: 1 @ExceptionHandler, 1 ResponseBodyAdvice 
2025-09-19 08:40:21 -INFO -o.s.boot.test.mock.web.SpringBootMockServletContext Initializing Spring TestDispatcherServlet '' 
2025-09-19 08:40:21 -INFO -org.springframework.test.web.servlet.TestDispatcherServlet Initializing Servlet '' 
2025-09-19 08:40:21 -INFO -org.springframework.test.web.servlet.TestDispatcherServlet Completed initialization in 1 ms 
2025-09-19 08:40:21 -INFO -com.mssd.controller.CustomRequestControllerTest Started CustomRequestControllerTest in 1.743 seconds (process running for 7.976) 
2025-09-19 08:40:21 -DEBUG -o.s.w.s.mvc.method.annotation.RequestMappingHandlerMapping Mapped to com.mssd.controller.CustomRequestController#getCustomRequestById(Long) 
2025-09-19 08:40:21 -DEBUG -o.s.w.s.mvc.method.annotation.HttpEntityMethodProcessor Using 'application/json', given [*/*] and supported [application/json, application/*+json] 
2025-09-19 08:40:21 -DEBUG -o.s.w.s.mvc.method.annotation.HttpEntityMethodProcessor Writing [CustomRequestResponseDto(id=1, companyName=Test Company, contactPerson=John Doe, email=john@testcomp (truncated)...] 
]]></system-out>
  </testcase>
  <testcase name="deleteCustomRequest_ValidId_ReturnsNoContent" classname="com.mssd.controller.CustomRequestControllerTest" time="0.011">
    <system-out><![CDATA[2025-09-19 08:40:21 -DEBUG -o.s.w.s.mvc.method.annotation.RequestMappingHandlerMapping Mapped to com.mssd.controller.CustomRequestController#deleteCustomRequest(Long) 
2025-09-19 08:40:21 -DEBUG -o.s.w.s.mvc.method.annotation.HttpEntityMethodProcessor Using 'application/json', given [*/*] and supported [application/json, application/*+json] 
2025-09-19 08:40:21 -DEBUG -o.s.w.s.mvc.method.annotation.HttpEntityMethodProcessor Nothing to write: null body 
]]></system-out>
  </testcase>
  <testcase name="getCustomRequestCountByStatus_ValidStatus_ReturnsCount" classname="com.mssd.controller.CustomRequestControllerTest" time="0.014">
    <system-out><![CDATA[2025-09-19 08:40:21 -DEBUG -o.s.w.s.mvc.method.annotation.RequestMappingHandlerMapping Mapped to com.mssd.controller.CustomRequestController#getCustomRequestCountByStatus(RequestStatus) 
2025-09-19 08:40:21 -DEBUG -o.s.w.s.mvc.method.annotation.HttpEntityMethodProcessor Using 'application/json', given [*/*] and supported [application/json, application/*+json] 
2025-09-19 08:40:21 -DEBUG -o.s.w.s.mvc.method.annotation.HttpEntityMethodProcessor Writing [{count=5, status=PENDING}] 
]]></system-out>
  </testcase>
  <testcase name="getAllCustomRequests_ReturnsList" classname="com.mssd.controller.CustomRequestControllerTest" time="0.011">
    <system-out><![CDATA[2025-09-19 08:40:21 -DEBUG -o.s.w.s.mvc.method.annotation.RequestMappingHandlerMapping Mapped to com.mssd.controller.CustomRequestController#getAllCustomRequests() 
2025-09-19 08:40:21 -DEBUG -o.s.w.s.mvc.method.annotation.HttpEntityMethodProcessor Using 'application/json', given [*/*] and supported [application/json, application/*+json] 
2025-09-19 08:40:21 -DEBUG -o.s.w.s.mvc.method.annotation.HttpEntityMethodProcessor Writing [[CustomRequestResponseDto(id=1, companyName=Test Company, contactPerson=John Doe, email=john@testcom (truncated)...] 
]]></system-out>
  </testcase>
  <testcase name="getCustomRequestsByCompanyName_ValidName_ReturnsList" classname="com.mssd.controller.CustomRequestControllerTest" time="0.013">
    <system-out><![CDATA[2025-09-19 08:40:21 -DEBUG -o.s.w.s.mvc.method.annotation.RequestMappingHandlerMapping Mapped to com.mssd.controller.CustomRequestController#getCustomRequestsByCompanyName(String) 
2025-09-19 08:40:21 -DEBUG -o.s.w.s.mvc.method.annotation.HttpEntityMethodProcessor Using 'application/json', given [*/*] and supported [application/json, application/*+json] 
2025-09-19 08:40:21 -DEBUG -o.s.w.s.mvc.method.annotation.HttpEntityMethodProcessor Writing [[CustomRequestResponseDto(id=1, companyName=Test Company, contactPerson=John Doe, email=john@testcom (truncated)...] 
]]></system-out>
  </testcase>
  <testcase name="getPendingCustomRequests_ReturnsList" classname="com.mssd.controller.CustomRequestControllerTest" time="0.007">
    <system-out><![CDATA[2025-09-19 08:40:21 -DEBUG -o.s.w.s.mvc.method.annotation.RequestMappingHandlerMapping Mapped to com.mssd.controller.CustomRequestController#getPendingCustomRequests() 
2025-09-19 08:40:21 -DEBUG -o.s.w.s.mvc.method.annotation.HttpEntityMethodProcessor Using 'application/json', given [*/*] and supported [application/json, application/*+json] 
2025-09-19 08:40:21 -DEBUG -o.s.w.s.mvc.method.annotation.HttpEntityMethodProcessor Writing [[CustomRequestResponseDto(id=1, companyName=Test Company, contactPerson=John Doe, email=john@testcom (truncated)...] 
]]></system-out>
  </testcase>
  <testcase name="getCustomRequestsByMinBudget_ValidBudget_ReturnsList" classname="com.mssd.controller.CustomRequestControllerTest" time="0.008">
    <system-out><![CDATA[2025-09-19 08:40:21 -DEBUG -o.s.w.s.mvc.method.annotation.RequestMappingHandlerMapping Mapped to com.mssd.controller.CustomRequestController#getCustomRequestsByMinBudget(BigDecimal) 
2025-09-19 08:40:21 -DEBUG -o.s.w.s.mvc.method.annotation.HttpEntityMethodProcessor Using 'application/json', given [*/*] and supported [application/json, application/*+json] 
2025-09-19 08:40:21 -DEBUG -o.s.w.s.mvc.method.annotation.HttpEntityMethodProcessor Writing [[CustomRequestResponseDto(id=1, companyName=Test Company, contactPerson=John Doe, email=john@testcom (truncated)...] 
]]></system-out>
  </testcase>
  <testcase name="submitCustomRequest_ValidRequest_ReturnsCreated" classname="com.mssd.controller.CustomRequestControllerTest" time="0.117">
    <system-out><![CDATA[2025-09-19 08:40:21 -DEBUG -o.s.w.s.mvc.method.annotation.RequestMappingHandlerMapping Mapped to com.mssd.controller.CustomRequestController#submitCustomRequest(CustomRequestDto) 
2025-09-19 08:40:21 -DEBUG -o.s.w.s.m.m.annotation.RequestResponseBodyMethodProcessor Read "application/json;charset=UTF-8" to [CustomRequestDto(companyName=Test Company, contactPerson=John Doe, email=john@testcompany.com, phone (truncated)...] 
2025-09-19 08:40:22 -DEBUG -o.s.w.s.mvc.method.annotation.HttpEntityMethodProcessor Using 'application/json', given [*/*] and supported [application/json, application/*+json] 
2025-09-19 08:40:22 -DEBUG -o.s.w.s.mvc.method.annotation.HttpEntityMethodProcessor Writing [CustomRequestResponseDto(id=1, companyName=Test Company, contactPerson=John Doe, email=john@testcomp (truncated)...] 
]]></system-out>
  </testcase>
  <testcase name="updateCustomRequest_ValidRequest_ReturnsOk" classname="com.mssd.controller.CustomRequestControllerTest" time="0.02">
    <system-out><![CDATA[2025-09-19 08:40:22 -DEBUG -o.s.w.s.mvc.method.annotation.RequestMappingHandlerMapping Mapped to com.mssd.controller.CustomRequestController#updateCustomRequest(Long, CustomRequestUpdateDto) 
2025-09-19 08:40:22 -DEBUG -o.s.w.s.m.m.annotation.RequestResponseBodyMethodProcessor Read "application/json;charset=UTF-8" to [CustomRequestUpdateDto(status=APPROVED, adminNotes=Approved for development)] 
2025-09-19 08:40:22 -DEBUG -o.s.w.s.mvc.method.annotation.HttpEntityMethodProcessor Using 'application/json', given [*/*] and supported [application/json, application/*+json] 
2025-09-19 08:40:22 -DEBUG -o.s.w.s.mvc.method.annotation.HttpEntityMethodProcessor Writing [CustomRequestResponseDto(id=1, companyName=null, contactPerson=null, email=null, phone=null, subject (truncated)...] 
]]></system-out>
  </testcase>
  <testcase name="getCustomRequestsByStatus_ValidStatus_ReturnsList" classname="com.mssd.controller.CustomRequestControllerTest" time="0.008">
    <system-out><![CDATA[2025-09-19 08:40:22 -DEBUG -o.s.w.s.mvc.method.annotation.RequestMappingHandlerMapping Mapped to com.mssd.controller.CustomRequestController#getCustomRequestsByStatus(RequestStatus) 
2025-09-19 08:40:22 -DEBUG -o.s.w.s.mvc.method.annotation.HttpEntityMethodProcessor Using 'application/json', given [*/*] and supported [application/json, application/*+json] 
2025-09-19 08:40:22 -DEBUG -o.s.w.s.mvc.method.annotation.HttpEntityMethodProcessor Writing [[CustomRequestResponseDto(id=1, companyName=Test Company, contactPerson=John Doe, email=john@testcom (truncated)...] 
]]></system-out>
  </testcase>
  <testcase name="getCustomRequestsByEmail_ValidEmail_ReturnsList" classname="com.mssd.controller.CustomRequestControllerTest" time="0.007">
    <system-out><![CDATA[2025-09-19 08:40:22 -DEBUG -o.s.w.s.mvc.method.annotation.RequestMappingHandlerMapping Mapped to com.mssd.controller.CustomRequestController#getCustomRequestsByEmail(String) 
2025-09-19 08:40:22 -DEBUG -o.s.w.s.mvc.method.annotation.HttpEntityMethodProcessor Using 'application/json', given [*/*] and supported [application/json, application/*+json] 
2025-09-19 08:40:22 -DEBUG -o.s.w.s.mvc.method.annotation.HttpEntityMethodProcessor Writing [[CustomRequestResponseDto(id=1, companyName=Test Company, contactPerson=John Doe, email=john@testcom (truncated)...] 
]]></system-out>
  </testcase>
  <testcase name="submitCustomRequest_InvalidRequest_ReturnsBadRequest" classname="com.mssd.controller.CustomRequestControllerTest" time="0.019">
    <system-out><![CDATA[2025-09-19 08:40:22 -DEBUG -o.s.w.s.mvc.method.annotation.RequestMappingHandlerMapping Mapped to com.mssd.controller.CustomRequestController#submitCustomRequest(CustomRequestDto) 
2025-09-19 08:40:22 -DEBUG -o.s.w.s.m.m.annotation.RequestResponseBodyMethodProcessor Read "application/json;charset=UTF-8" to [CustomRequestDto(companyName=null, contactPerson=null, email=null, phone=null, subject=null, details (truncated)...] 
2025-09-19 08:40:22 -DEBUG -o.s.w.s.m.m.annotation.ExceptionHandlerExceptionResolver Using @ExceptionHandler com.mssd.exception.GlobalExceptionHandler#handleValidationExceptions(MethodArgumentNotValidException) 
2025-09-19 08:40:22 -DEBUG -o.s.w.s.mvc.method.annotation.HttpEntityMethodProcessor Using 'application/json', given [*/*] and supported [application/json, application/*+json] 
2025-09-19 08:40:22 -DEBUG -o.s.w.s.mvc.method.annotation.HttpEntityMethodProcessor Writing [{subject=Subject is required, companyName=Company name is required, contactPerson=Contact person is  (truncated)...] 
2025-09-19 08:40:22 -DEBUG -o.s.w.s.m.m.annotation.ExceptionHandlerExceptionResolver Resolved [org.springframework.web.bind.MethodArgumentNotValidException: Validation failed for argument [0] in public org.springframework.http.ResponseEntity<com.mssd.dto.CustomRequestResponseDto> com.mssd.controller.CustomRequestController.submitCustomRequest(com.mssd.dto.CustomRequestDto) with 5 errors: [Field error in object 'customRequestDto' on field 'details': rejected value [null]; codes [NotBlank.customRequestDto.details,NotBlank.details,NotBlank.java.lang.String,NotBlank]; arguments [org.springframework.context.support.DefaultMessageSourceResolvable: codes [customRequestDto.details,details]; arguments []; default message [details]]; default message [Details are required]] [Field error in object 'customRequestDto' on field 'subject': rejected value [null]; codes [NotBlank.customRequestDto.subject,NotBlank.subject,NotBlank.java.lang.String,NotBlank]; arguments [org.springframework.context.support.DefaultMessageSourceResolvable: codes [customRequestDto.subject,subject]; arguments []; default message [subject]]; default message [Subject is required]] [Field error in object 'customRequestDto' on field 'companyName': rejected value [null]; codes [NotBlank.customRequestDto.companyName,NotBlank.companyName,NotBlank.java.lang.String,NotBlank]; arguments [org.springframework.context.support.DefaultMessageSourceResolvable: codes [customRequestDto.companyName,companyName]; arguments []; default message [companyName]]; default message [Company name is required]] [Field error in object 'customRequestDto' on field 'contactPerson': rejected value [null]; codes [NotBlank.customRequestDto.contactPerson,NotBlank.contactPerson,NotBlank.java.lang.String,NotBlank]; arguments [org.springframework.context.support.DefaultMessageSourceResolvable: codes [customRequestDto.contactPerson,contactPerson]; arguments []; default message [contactPerson]]; default message [Contact person is required]] [Field error in object 'customRequestDto' on field 'email': rejected value [null]; codes [NotBlank.customRequestDto.email,NotBlank.email,NotBlank.java.lang.String,NotBlank]; arguments [org.springframework.context.support.DefaultMessageSourceResolvable: codes [customRequestDto.email,email]; arguments []; default message [email]]; default message [Email is required]] ] 
]]></system-out>
  </testcase>
  <testcase name="getCustomRequestSummary_ReturnsSummary" classname="com.mssd.controller.CustomRequestControllerTest" time="0.009">
    <system-out><![CDATA[2025-09-19 08:40:22 -DEBUG -o.s.w.s.mvc.method.annotation.RequestMappingHandlerMapping Mapped to com.mssd.controller.CustomRequestController#getCustomRequestSummary() 
2025-09-19 08:40:22 -DEBUG -o.s.w.s.mvc.method.annotation.HttpEntityMethodProcessor Using 'application/json', given [*/*] and supported [application/json, application/*+json] 
2025-09-19 08:40:22 -DEBUG -o.s.w.s.mvc.method.annotation.HttpEntityMethodProcessor Writing [{rejectedCount=1, approvedCount=2, pendingCount=3, totalCount=10, inProgressCount=2, completedCount= (truncated)...] 
]]></system-out>
  </testcase>
  <testcase name="getTotalCustomRequestCount_ReturnsCount" classname="com.mssd.controller.CustomRequestControllerTest" time="0.007">
    <system-out><![CDATA[2025-09-19 08:40:22 -DEBUG -o.s.w.s.mvc.method.annotation.RequestMappingHandlerMapping Mapped to com.mssd.controller.CustomRequestController#getTotalCustomRequestCount() 
2025-09-19 08:40:22 -DEBUG -o.s.w.s.mvc.method.annotation.HttpEntityMethodProcessor Using 'application/json', given [*/*] and supported [application/json, application/*+json] 
2025-09-19 08:40:22 -DEBUG -o.s.w.s.mvc.method.annotation.HttpEntityMethodProcessor Writing [{totalCount=10}] 
]]></system-out>
  </testcase>
</testsuite>