<?xml version="1.0" encoding="UTF-8"?>
<testsuite xmlns:xsi="http://www.w3.org/2001/XMLSchema-instance" xsi:noNamespaceSchemaLocation="https://maven.apache.org/surefire/maven-surefire-plugin/xsd/surefire-test-report-3.0.xsd" version="3.0" name="com.mssd.MssdApplicationTests" time="7.187" tests="1" errors="0" skipped="0" failures="0">
  <properties>
[...]
</properties>
  <testcase name="contextLoads" classname="com.mssd.MssdApplicationTests" time="0.011">
    <system-out><![CDATA[2026-03-30 11:38:59 -INFO -o.s.test.context.support.AnnotationConfigContextLoaderUtils Could not detect default configuration classes for test class [com.mssd.MssdApplicationTests]: MssdApplicationTests does not declare any static, non-private, non-final, nested classes annotated with @Configuration. 
2026-03-30 11:38:59 -INFO -o.s.boot.test.context.SpringBootTestContextBootstrapper Found @SpringBootConfiguration com.mssd.MssdApplication for test class com.mssd.MssdApplicationTests 

  .   ____          _            __ _ _
 /\\ / ___'_ __ _ _(_)_ __  __ _ \ \ \ \
( ( )\___ | '_ | '_| | '_ \/ _` | \ \ \ \
 \\/  ___)| |_)| | | | | || (_| |  ) ) ) )
  '  |____| .__|_| |_|_| |_\__, | / / / /
 =========|_|==============|___/=/_/_/_/
 :: Spring Boot ::                (v3.2.0)

2026-03-30 11:38:59 -INFO -com.mssd.MssdApplicationTests Starting MssdApplicationTests using Java 21.0.6 with PID 27248 (started by souha in C:\Users\souha\Downloads\MSSD-mssd\MSSD-mssd\mssd-backend) 
2026-03-30 11:38:59 -DEBUG -com.mssd.MssdApplicationTests Running with Spring Boot v3.2.0, Spring v6.1.1 
2026-03-30 11:38:59 -INFO -com.mssd.MssdApplicationTests The following 1 profile is active: "dev" 
2026-03-30 11:38:59 -DEBUG -o.s.web.context.support.GenericWebApplicationContext Refreshing org.springframework.web.context.support.GenericWebApplicationContext@7f77e065 
2026-03-30 11:39:00 -INFO -o.s.data.repository.config.RepositoryConfigurationDelegate Bootstrapping Spring Data JPA repositories in DEFAULT mode. 
2026-03-30 11:39:00 -INFO -o.s.data.repository.config.RepositoryConfigurationDelegate Finished Spring Data repository scanning in 82 ms. Found 15 JPA repository interfaces. 
2026-03-30 11:39:00 -INFO -org.hibernate.jpa.internal.util.LogHelper HHH000204: Processing PersistenceUnitInfo [name: default] 
2026-03-30 11:39:01 -INFO -org.hibernate.Version HHH000412: Hibernate ORM core version 6.3.1.Final 
2026-03-30 11:39:01 -INFO -org.hibernate.cache.internal.RegionFactoryInitiator HHH000026: Second-level cache disabled 
2026-03-30 11:39:01 -INFO -o.s.orm.jpa.persistenceunit.SpringPersistenceUnitInfo No LoadTimeWeaver setup: ignoring JPA class transformer 
2026-03-30 11:39:01 -INFO -com.zaxxer.hikari.HikariDataSource HikariPool-1 - Starting... 
2026-03-30 11:39:01 -INFO -com.zaxxer.hikari.pool.HikariPool HikariPool-1 - Added connection conn0: url=jdbc:h2:mem:testdb user=SA 
2026-03-30 11:39:01 -INFO -com.zaxxer.hikari.HikariDataSource HikariPool-1 - Start completed. 
2026-03-30 11:39:01 -WARN -org.hibernate.orm.deprecation HHH90000025: H2Dialect does not need to be specified explicitly using 'hibernate.dialect' (remove the property setting and it will be selected by default) 
2026-03-30 11:39:03 -INFO -o.h.e.transaction.jta.platform.internal.JtaPlatformInitiator HHH000489: No JTA platform available (set 'hibernate.transaction.jta.platform' to enable JTA platform integration) 
2026-03-30 11:39:03 -DEBUG -org.hibernate.SQL 
    drop table if exists annex_requests cascade  
Hibernate: 
    drop table if exists annex_requests cascade 
2026-03-30 11:39:03 -DEBUG -org.hibernate.SQL 
    drop table if exists blog cascade  
Hibernate: 
    drop table if exists blog cascade 
2026-03-30 11:39:03 -DEBUG -org.hibernate.SQL 
    drop table if exists calendar_reservations cascade  
Hibernate: 
    drop table if exists calendar_reservations cascade 
2026-03-30 11:39:03 -DEBUG -org.hibernate.SQL 
    drop table if exists calendars cascade  
Hibernate: 
    drop table if exists calendars cascade 
2026-03-30 11:39:03 -DEBUG -org.hibernate.SQL 
    drop table if exists categories cascade  
Hibernate: 
    drop table if exists categories cascade 
2026-03-30 11:39:03 -DEBUG -org.hibernate.SQL 
    drop table if exists company cascade  
Hibernate: 
    drop table if exists company cascade 
2026-03-30 11:39:03 -DEBUG -org.hibernate.SQL 
    drop table if exists contacts cascade  
Hibernate: 
    drop table if exists contacts cascade 
2026-03-30 11:39:03 -DEBUG -org.hibernate.SQL 
    drop table if exists formations cascade  
Hibernate: 
    drop table if exists formations cascade 
2026-03-30 11:39:03 -DEBUG -org.hibernate.SQL 
    drop table if exists highlights cascade  
Hibernate: 
    drop table if exists highlights cascade 
2026-03-30 11:39:03 -DEBUG -org.hibernate.SQL 
    drop table if exists newsletters cascade  
Hibernate: 
    drop table if exists newsletters cascade 
2026-03-30 11:39:03 -DEBUG -org.hibernate.SQL 
    drop table if exists portfolio cascade  
Hibernate: 
    drop table if exists portfolio cascade 
2026-03-30 11:39:03 -DEBUG -org.hibernate.SQL 
    drop table if exists portfolio_items cascade  
Hibernate: 
    drop table if exists portfolio_items cascade 
2026-03-30 11:39:03 -DEBUG -org.hibernate.SQL 
    drop table if exists reviews cascade  
Hibernate: 
    drop table if exists reviews cascade 
2026-03-30 11:39:03 -DEBUG -org.hibernate.SQL 
    drop table if exists themes cascade  
Hibernate: 
    drop table if exists themes cascade 
2026-03-30 11:39:03 -DEBUG -org.hibernate.SQL 
    drop table if exists users cascade  
Hibernate: 
    drop table if exists users cascade 
2026-03-30 11:39:03 -DEBUG -org.hibernate.SQL 
    create table annex_requests (
        is_custom boolean not null,
        num_participants integer not null,
        created_at timestamp(6),
        formation_id bigint,
        id bigint generated by default as identity,
        updated_at timestamp(6),
        company_name varchar(255) not null,
        custom_description TEXT,
        email varchar(255) not null,
        modality varchar(255) not null check (modality in ('IN_PERSON','REMOTE','HYBRID')),
        notes TEXT,
        phone varchar(255),
        preferred_date varchar(255) not null,
        status varchar(255) not null check (status in ('PENDING','APPROVED','REJECTED','IN_PROGRESS','COMPLETED')),
        primary key (id)
    ) 
Hibernate: 
    create table annex_requests (
        is_custom boolean not null,
        num_participants integer not null,
        created_at timestamp(6),
        formation_id bigint,
        id bigint generated by default as identity,
        updated_at timestamp(6),
        company_name varchar(255) not null,
        custom_description TEXT,
        email varchar(255) not null,
        modality varchar(255) not null check (modality in ('IN_PERSON','REMOTE','HYBRID')),
        notes TEXT,
        phone varchar(255),
        preferred_date varchar(255) not null,
        status varchar(255) not null check (status in ('PENDING','APPROVED','REJECTED','IN_PROGRESS','COMPLETED')),
        primary key (id)
    )
2026-03-30 11:39:03 -DEBUG -org.hibernate.SQL 
    create table blog (
        active boolean not null,
        created_at timestamp(6),
        id bigint generated by default as identity,
        publish_date timestamp(6),
        updated_at timestamp(6),
        image_url varchar(500),
        youtube_url varchar(500),
        description TEXT,
        title varchar(255) not null,
        primary key (id)
    ) 
Hibernate: 
    create table blog (
        active boolean not null,
        created_at timestamp(6),
        id bigint generated by default as identity,
        publish_date timestamp(6),
        updated_at timestamp(6),
        image_url varchar(500),
        youtube_url varchar(500),
        description TEXT,
        title varchar(255) not null,
        primary key (id)
    )
2026-03-30 11:39:03 -DEBUG -org.hibernate.SQL 
    create table calendar_reservations (
        duration integer,
        calendar_id bigint,
        created_at timestamp(6) not null,
        event_date timestamp(6) not null,
        id bigint generated by default as identity,
        updated_at timestamp(6),
        admin_notes TEXT,
        client_email varchar(255) not null,
        client_name varchar(255) not null,
        client_phone varchar(255),
        event_description TEXT,
        event_title varchar(255) not null,
        location varchar(255),
        status varchar(255) not null check (status in ('PENDING','CONFIRMED','CANCELLED','COMPLETED')),
        primary key (id)
    ) 
Hibernate: 
    create table calendar_reservations (
        duration integer,
        calendar_id bigint,
        created_at timestamp(6) not null,
        event_date timestamp(6) not null,
        id bigint generated by default as identity,
        updated_at timestamp(6),
        admin_notes TEXT,
        client_email varchar(255) not null,
        client_name varchar(255) not null,
        client_phone varchar(255),
        event_description TEXT,
        event_title varchar(255) not null,
        location varchar(255),
        status varchar(255) not null check (status in ('PENDING','CONFIRMED','CANCELLED','COMPLETED')),
        primary key (id)
    )
2026-03-30 11:39:03 -DEBUG -org.hibernate.SQL 
    create table calendars (
        current_capacity integer,
        max_capacity integer not null,
        created_at timestamp(6),
        end_time timestamp(6) not null,
        id bigint generated by default as identity,
        start_time timestamp(6) not null,
        updated_at timestamp(6),
        description TEXT,
        location varchar(255) not null,
        status varchar(255) not null check (status in ('AVAILABLE','FULL','CANCELLED','COMPLETED')),
        title varchar(255) not null,
        primary key (id)
    ) 
Hibernate: 
    create table calendars (
        current_capacity integer,
        max_capacity integer not null,
        created_at timestamp(6),
        end_time timestamp(6) not null,
        id bigint generated by default as identity,
        start_time timestamp(6) not null,
        updated_at timestamp(6),
        description TEXT,
        location varchar(255) not null,
        status varchar(255) not null check (status in ('AVAILABLE','FULL','CANCELLED','COMPLETED')),
        title varchar(255) not null,
        primary key (id)
    )
2026-03-30 11:39:03 -DEBUG -org.hibernate.SQL 
    create table categories (
        id bigint generated by default as identity,
        name varchar(255) not null unique,
        slug varchar(255) not null unique,
        primary key (id)
    ) 
Hibernate: 
    create table categories (
        id bigint generated by default as identity,
        name varchar(255) not null unique,
        slug varchar(255) not null unique,
        primary key (id)
    )
2026-03-30 11:39:03 -DEBUG -org.hibernate.SQL 
    create table company (
        id bigint generated by default as identity,
        company_values TEXT,
        meta_description varchar(255),
        mission TEXT,
        vision TEXT,
        who_we_are TEXT,
        why_choose_us TEXT,
        primary key (id)
    ) 
Hibernate: 
    create table company (
        id bigint generated by default as identity,
        company_values TEXT,
        meta_description varchar(255),
        mission TEXT,
        vision TEXT,
        who_we_are TEXT,
        why_choose_us TEXT,
        primary key (id)
    )
2026-03-30 11:39:03 -DEBUG -org.hibernate.SQL 
    create table contacts (
        date_sent timestamp(6) not null,
        id bigint generated by default as identity,
        email varchar(255) not null,
        full_name varchar(255) not null,
        message TEXT not null,
        phone varchar(255),
        subject varchar(255) not null,
        primary key (id)
    ) 
Hibernate: 
    create table contacts (
        date_sent timestamp(6) not null,
        id bigint generated by default as identity,
        email varchar(255) not null,
        full_name varchar(255) not null,
        message TEXT not null,
        phone varchar(255),
        subject varchar(255) not null,
        primary key (id)
    )
2026-03-30 11:39:03 -DEBUG -org.hibernate.SQL 
    create table formations (
        price numeric(10,2) not null,
        published boolean not null,
        created_at timestamp(6),
        id bigint generated by default as identity,
        theme_id bigint,
        updated_at timestamp(6),
        category varchar(255) not null,
        description TEXT,
        duration varchar(255) not null,
        image_url varchar(255),
        level varchar(255) not null check (level in ('BEGINNER','INTERMEDIATE','EXPERT')),
        slug varchar(255) not null unique,
        title varchar(255) not null,
        primary key (id)
    ) 
Hibernate: 
    create table formations (
        price numeric(10,2) not null,
        published boolean not null,
        created_at timestamp(6),
        id bigint generated by default as identity,
        theme_id bigint,
        updated_at timestamp(6),
        category varchar(255) not null,
        description TEXT,
        duration varchar(255) not null,
        image_url varchar(255),
        level varchar(255) not null check (level in ('BEGINNER','INTERMEDIATE','EXPERT')),
        slug varchar(255) not null unique,
        title varchar(255) not null,
        primary key (id)
    )
2026-03-30 11:39:03 -DEBUG -org.hibernate.SQL 
    create table highlights (
        visible boolean not null,
        id bigint generated by default as identity,
        cta_link varchar(255),
        cta_text varchar(255),
        image_url varchar(255),
        subtitle varchar(255),
        title varchar(255) not null,
        primary key (id)
    ) 
Hibernate: 
    create table highlights (
        visible boolean not null,
        id bigint generated by default as identity,
        cta_link varchar(255),
        cta_text varchar(255),
        image_url varchar(255),
        subtitle varchar(255),
        title varchar(255) not null,
        primary key (id)
    )
2026-03-30 11:39:03 -DEBUG -org.hibernate.SQL 
    create table newsletters (
        date_subscribed timestamp(6) not null,
        id bigint generated by default as identity,
        email varchar(255) not null unique,
        primary key (id)
    ) 
Hibernate: 
    create table newsletters (
        date_subscribed timestamp(6) not null,
        id bigint generated by default as identity,
        email varchar(255) not null unique,
        primary key (id)
    )
2026-03-30 11:39:03 -DEBUG -org.hibernate.SQL 
    create table portfolio (
        active boolean not null,
        project_date date,
        created_at timestamp(6) not null,
        formation_id bigint not null,
        id bigint generated by default as identity,
        updated_at timestamp(6),
        category varchar(100),
        company_logo_url varchar(500),
        image_url varchar(500),
        project_url varchar(500),
        client_name varchar(255),
        description TEXT,
        title varchar(255) not null,
        primary key (id)
    ) 
Hibernate: 
    create table portfolio (
        active boolean not null,
        project_date date,
        created_at timestamp(6) not null,
        formation_id bigint not null,
        id bigint generated by default as identity,
        updated_at timestamp(6),
        category varchar(100),
        company_logo_url varchar(500),
        image_url varchar(500),
        project_url varchar(500),
        client_name varchar(255),
        description TEXT,
        title varchar(255) not null,
        primary key (id)
    )
2026-03-30 11:39:03 -DEBUG -org.hibernate.SQL 
    create table portfolio_items (
        active boolean not null,
        training_date date not null,
        created_at timestamp(6),
        id bigint generated by default as identity,
        updated_at timestamp(6),
        company_name varchar(255) not null,
        description TEXT,
        logo_url varchar(255),
        training_title varchar(255) not null,
        primary key (id)
    ) 
Hibernate: 
    create table portfolio_items (
        active boolean not null,
        training_date date not null,
        created_at timestamp(6),
        id bigint generated by default as identity,
        updated_at timestamp(6),
        company_name varchar(255) not null,
        description TEXT,
        logo_url varchar(255),
        training_title varchar(255) not null,
        primary key (id)
    )
2026-03-30 11:39:03 -DEBUG -org.hibernate.SQL 
    create table reviews (
        rating integer not null,
        created_at timestamp(6),
        formation_id bigint,
        id bigint generated by default as identity,
        author_name varchar(255),
        comment TEXT,
        primary key (id)
    ) 
Hibernate: 
    create table reviews (
        rating integer not null,
        created_at timestamp(6),
        formation_id bigint,
        id bigint generated by default as identity,
        author_name varchar(255),
        comment TEXT,
        primary key (id)
    )
2026-03-30 11:39:03 -DEBUG -org.hibernate.SQL 
    create table themes (
        active boolean not null,
        id bigint generated by default as identity,
        description TEXT,
        icon_url varchar(255),
        name varchar(255) not null unique,
        slug varchar(255) not null unique,
        primary key (id)
    ) 
Hibernate: 
    create table themes (
        active boolean not null,
        id bigint generated by default as identity,
        description TEXT,
        icon_url varchar(255),
        name varchar(255) not null unique,
        slug varchar(255) not null unique,
        primary key (id)
    )
2026-03-30 11:39:03 -DEBUG -org.hibernate.SQL 
    create table users (
        created_at timestamp(6) not null,
        id bigint generated by default as identity,
        email varchar(255) not null unique,
        password varchar(255) not null,
        role varchar(255) not null check (role in ('ADMIN','USER')),
        username varchar(255) not null unique,
        primary key (id)
    ) 
Hibernate: 
    create table users (
        created_at timestamp(6) not null,
        id bigint generated by default as identity,
        email varchar(255) not null unique,
        password varchar(255) not null,
        role varchar(255) not null check (role in ('ADMIN','USER')),
        username varchar(255) not null unique,
        primary key (id)
    )
2026-03-30 11:39:03 -DEBUG -org.hibernate.SQL 
    alter table if exists annex_requests 
       add constraint FK53yxtpa1f18x2s2dmjq3kss8e 
       foreign key (formation_id) 
       references formations 
Hibernate: 
    alter table if exists annex_requests 
       add constraint FK53yxtpa1f18x2s2dmjq3kss8e 
       foreign key (formation_id) 
       references formations
2026-03-30 11:39:03 -DEBUG -org.hibernate.SQL 
    alter table if exists formations 
       add constraint FKng04m5osfo6nj73q8d7fgbxw9 
       foreign key (theme_id) 
       references themes 
Hibernate: 
    alter table if exists formations 
       add constraint FKng04m5osfo6nj73q8d7fgbxw9 
       foreign key (theme_id) 
       references themes
2026-03-30 11:39:03 -DEBUG -org.hibernate.SQL 
    alter table if exists portfolio 
       add constraint FKri84mkj19ledq6q8fxfqaj5sn 
       foreign key (formation_id) 
       references formations 
Hibernate: 
    alter table if exists portfolio 
       add constraint FKri84mkj19ledq6q8fxfqaj5sn 
       foreign key (formation_id) 
       references formations
2026-03-30 11:39:03 -DEBUG -org.hibernate.SQL 
    alter table if exists reviews 
       add constraint FKkxhqbg4o8tutumt0bc3r0eate 
       foreign key (formation_id) 
       references formations 
Hibernate: 
    alter table if exists reviews 
       add constraint FKkxhqbg4o8tutumt0bc3r0eate 
       foreign key (formation_id) 
       references formations
2026-03-30 11:39:03 -INFO -o.s.orm.jpa.LocalContainerEntityManagerFactoryBean Initialized JPA EntityManagerFactory for persistence unit 'default' 
2026-03-30 11:39:03 -INFO -o.s.data.jpa.repository.query.QueryEnhancerFactory Hibernate is in classpath; If applicable, HQL parser will be used. 
2026-03-30 11:39:05 -DEBUG -o.s.w.s.mvc.method.annotation.RequestMappingHandlerMapping 102 mappings in 'requestMappingHandlerMapping' 
2026-03-30 11:39:05 -DEBUG -o.s.web.servlet.handler.SimpleUrlHandlerMapping Patterns [/webjars/**, /**, /api/portfolio/files/**, /api/files/**, /static/**] in 'resourceHandlerMapping' 
2026-03-30 11:39:05 -DEBUG -o.s.w.s.mvc.method.annotation.RequestMappingHandlerAdapter ControllerAdvice beans: 0 @ModelAttribute, 0 @InitBinder, 1 RequestBodyAdvice, 1 ResponseBodyAdvice 
2026-03-30 11:39:05 -DEBUG -o.s.w.s.m.m.annotation.ExceptionHandlerExceptionResolver ControllerAdvice beans: 1 @ExceptionHandler, 1 ResponseBodyAdvice 
2026-03-30 11:39:05 -INFO -o.s.boot.autoconfigure.h2.H2ConsoleAutoConfiguration H2 console available at '/h2-console'. Database available at 'jdbc:h2:mem:testdb' 
2026-03-30 11:39:06 -INFO -o.s.boot.actuate.endpoint.web.EndpointLinksResolver Exposing 1 endpoint(s) beneath base path '/actuator' 
2026-03-30 11:39:06 -INFO -com.mssd.MssdApplicationTests Started MssdApplicationTests in 6.674 seconds (process running for 12.441) 
2026-03-30 11:39:06 -INFO -com.mssd.config.SeedDataConfig Starting database seeding... 
2026-03-30 11:39:06 -DEBUG -org.hibernate.SQL 
    select
        count(*) 
    from
        categories c1_0 
Hibernate: 
    select
        count(*) 
    from
        categories c1_0
2026-03-30 11:39:06 -INFO -com.mssd.config.SeedDataConfig Seeding categories... 
2026-03-30 11:39:06 -DEBUG -org.hibernate.SQL 
    insert 
    into
        categories
        (name, slug, id) 
    values
        (?, ?, default) 
Hibernate: 
    insert 
    into
        categories
        (name, slug, id) 
    values
        (?, ?, default)
2026-03-30 11:39:06 -DEBUG -org.hibernate.SQL 
    insert 
    into
        categories
        (name, slug, id) 
    values
        (?, ?, default) 
Hibernate: 
    insert 
    into
        categories
        (name, slug, id) 
    values
        (?, ?, default)
2026-03-30 11:39:06 -DEBUG -org.hibernate.SQL 
    insert 
    into
        categories
        (name, slug, id) 
    values
        (?, ?, default) 
Hibernate: 
    insert 
    into
        categories
        (name, slug, id) 
    values
        (?, ?, default)
2026-03-30 11:39:06 -DEBUG -org.hibernate.SQL 
    insert 
    into
        categories
        (name, slug, id) 
    values
        (?, ?, default) 
Hibernate: 
    insert 
    into
        categories
        (name, slug, id) 
    values
        (?, ?, default)
2026-03-30 11:39:06 -DEBUG -org.hibernate.SQL 
    insert 
    into
        categories
        (name, slug, id) 
    values
        (?, ?, default) 
Hibernate: 
    insert 
    into
        categories
        (name, slug, id) 
    values
        (?, ?, default)
2026-03-30 11:39:06 -DEBUG -org.hibernate.SQL 
    insert 
    into
        categories
        (name, slug, id) 
    values
        (?, ?, default) 
Hibernate: 
    insert 
    into
        categories
        (name, slug, id) 
    values
        (?, ?, default)
2026-03-30 11:39:06 -INFO -com.mssd.config.SeedDataConfig Categories seeded successfully 
2026-03-30 11:39:06 -DEBUG -org.hibernate.SQL 
    select
        count(*) 
    from
        themes t1_0 
Hibernate: 
    select
        count(*) 
    from
        themes t1_0
2026-03-30 11:39:06 -INFO -com.mssd.config.SeedDataConfig Seeding themes... 
2026-03-30 11:39:06 -DEBUG -org.hibernate.SQL 
    insert 
    into
        themes
        (active, description, icon_url, name, slug, id) 
    values
        (?, ?, ?, ?, ?, default) 
Hibernate: 
    insert 
    into
        themes
        (active, description, icon_url, name, slug, id) 
    values
        (?, ?, ?, ?, ?, default)
2026-03-30 11:39:06 -DEBUG -org.hibernate.SQL 
    insert 
    into
        themes
        (active, description, icon_url, name, slug, id) 
    values
        (?, ?, ?, ?, ?, default) 
Hibernate: 
    insert 
    into
        themes
        (active, description, icon_url, name, slug, id) 
    values
        (?, ?, ?, ?, ?, default)
2026-03-30 11:39:06 -DEBUG -org.hibernate.SQL 
    insert 
    into
        themes
        (active, description, icon_url, name, slug, id) 
    values
        (?, ?, ?, ?, ?, default) 
Hibernate: 
    insert 
    into
        themes
        (active, description, icon_url, name, slug, id) 
    values
        (?, ?, ?, ?, ?, default)
2026-03-30 11:39:06 -DEBUG -org.hibernate.SQL 
    insert 
    into
        themes
        (active, description, icon_url, name, slug, id) 
    values
        (?, ?, ?, ?, ?, default) 
Hibernate: 
    insert 
    into
        themes
        (active, description, icon_url, name, slug, id) 
    values
        (?, ?, ?, ?, ?, default)
2026-03-30 11:39:06 -DEBUG -org.hibernate.SQL 
    insert 
    into
        themes
        (active, description, icon_url, name, slug, id) 
    values
        (?, ?, ?, ?, ?, default) 
Hibernate: 
    insert 
    into
        themes
        (active, description, icon_url, name, slug, id) 
    values
        (?, ?, ?, ?, ?, default)
2026-03-30 11:39:06 -INFO -com.mssd.config.SeedDataConfig Themes seeded successfully 
2026-03-30 11:39:06 -DEBUG -org.hibernate.SQL 
    select
        count(*) 
    from
        formations f1_0 
Hibernate: 
    select
        count(*) 
    from
        formations f1_0
2026-03-30 11:39:06 -INFO -com.mssd.config.SeedDataConfig Seeding formations... 
2026-03-30 11:39:06 -DEBUG -org.hibernate.SQL 
    insert 
    into
        formations
        (category, created_at, description, duration, image_url, level, price, published, slug, theme_id, title, updated_at, id) 
    values
        (?, ?, ?, ?, ?, ?, ?, ?, ?, ?, ?, ?, default) 
Hibernate: 
    insert 
    into
        formations
        (category, created_at, description, duration, image_url, level, price, published, slug, theme_id, title, updated_at, id) 
    values
        (?, ?, ?, ?, ?, ?, ?, ?, ?, ?, ?, ?, default)
2026-03-30 11:39:06 -DEBUG -org.hibernate.SQL 
    insert 
    into
        formations
        (category, created_at, description, duration, image_url, level, price, published, slug, theme_id, title, updated_at, id) 
    values
        (?, ?, ?, ?, ?, ?, ?, ?, ?, ?, ?, ?, default) 
Hibernate: 
    insert 
    into
        formations
        (category, created_at, description, duration, image_url, level, price, published, slug, theme_id, title, updated_at, id) 
    values
        (?, ?, ?, ?, ?, ?, ?, ?, ?, ?, ?, ?, default)
2026-03-30 11:39:06 -DEBUG -org.hibernate.SQL 
    insert 
    into
        formations
        (category, created_at, description, duration, image_url, level, price, published, slug, theme_id, title, updated_at, id) 
    values
        (?, ?, ?, ?, ?, ?, ?, ?, ?, ?, ?, ?, default) 
Hibernate: 
    insert 
    into
        formations
        (category, created_at, description, duration, image_url, level, price, published, slug, theme_id, title, updated_at, id) 
    values
        (?, ?, ?, ?, ?, ?, ?, ?, ?, ?, ?, ?, default)
2026-03-30 11:39:06 -DEBUG -org.hibernate.SQL 
    insert 
    into
        formations
        (category, created_at, description, duration, image_url, level, price, published, slug, theme_id, title, updated_at, id) 
    values
        (?, ?, ?, ?, ?, ?, ?, ?, ?, ?, ?, ?, default) 
Hibernate: 
    insert 
    into
        formations
        (category, created_at, description, duration, image_url, level, price, published, slug, theme_id, title, updated_at, id) 
    values
        (?, ?, ?, ?, ?, ?, ?, ?, ?, ?, ?, ?, default)
2026-03-30 11:39:06 -DEBUG -org.hibernate.SQL 
    insert 
    into
        formations
        (category, created_at, description, duration, image_url, level, price, published, slug, theme_id, title, updated_at, id) 
    values
        (?, ?, ?, ?, ?, ?, ?, ?, ?, ?, ?, ?, default) 
Hibernate: 
    insert 
    into
        formations
        (category, created_at, description, duration, image_url, level, price, published, slug, theme_id, title, updated_at, id) 
    values
        (?, ?, ?, ?, ?, ?, ?, ?, ?, ?, ?, ?, default)
2026-03-30 11:39:06 -DEBUG -org.hibernate.SQL 
    insert 
    into
        formations
        (category, created_at, description, duration, image_url, level, price, published, slug, theme_id, title, updated_at, id) 
    values
        (?, ?, ?, ?, ?, ?, ?, ?, ?, ?, ?, ?, default) 
Hibernate: 
    insert 
    into
        formations
        (category, created_at, description, duration, image_url, level, price, published, slug, theme_id, title, updated_at, id) 
    values
        (?, ?, ?, ?, ?, ?, ?, ?, ?, ?, ?, ?, default)
2026-03-30 11:39:06 -DEBUG -org.hibernate.SQL 
    insert 
    into
        formations
        (category, created_at, description, duration, image_url, level, price, published, slug, theme_id, title, updated_at, id) 
    values
        (?, ?, ?, ?, ?, ?, ?, ?, ?, ?, ?, ?, default) 
Hibernate: 
    insert 
    into
        formations
        (category, created_at, description, duration, image_url, level, price, published, slug, theme_id, title, updated_at, id) 
    values
        (?, ?, ?, ?, ?, ?, ?, ?, ?, ?, ?, ?, default)
2026-03-30 11:39:06 -DEBUG -org.hibernate.SQL 
    insert 
    into
        formations
        (category, created_at, description, duration, image_url, level, price, published, slug, theme_id, title, updated_at, id) 
    values
        (?, ?, ?, ?, ?, ?, ?, ?, ?, ?, ?, ?, default) 
Hibernate: 
    insert 
    into
        formations
        (category, created_at, description, duration, image_url, level, price, published, slug, theme_id, title, updated_at, id) 
    values
        (?, ?, ?, ?, ?, ?, ?, ?, ?, ?, ?, ?, default)
2026-03-30 11:39:06 -DEBUG -org.hibernate.SQL 
    insert 
    into
        formations
        (category, created_at, description, duration, image_url, level, price, published, slug, theme_id, title, updated_at, id) 
    values
        (?, ?, ?, ?, ?, ?, ?, ?, ?, ?, ?, ?, default) 
Hibernate: 
    insert 
    into
        formations
        (category, created_at, description, duration, image_url, level, price, published, slug, theme_id, title, updated_at, id) 
    values
        (?, ?, ?, ?, ?, ?, ?, ?, ?, ?, ?, ?, default)
2026-03-30 11:39:06 -DEBUG -org.hibernate.SQL 
    insert 
    into
        formations
        (category, created_at, description, duration, image_url, level, price, published, slug, theme_id, title, updated_at, id) 
    values
        (?, ?, ?, ?, ?, ?, ?, ?, ?, ?, ?, ?, default) 
Hibernate: 
    insert 
    into
        formations
        (category, created_at, description, duration, image_url, level, price, published, slug, theme_id, title, updated_at, id) 
    values
        (?, ?, ?, ?, ?, ?, ?, ?, ?, ?, ?, ?, default)
2026-03-30 11:39:06 -INFO -com.mssd.config.SeedDataConfig Formations seeded successfully 
2026-03-30 11:39:06 -DEBUG -org.hibernate.SQL 
    select
        count(*) 
    from
        company c1_0 
Hibernate: 
    select
        count(*) 
    from
        company c1_0
2026-03-30 11:39:06 -INFO -com.mssd.config.SeedDataConfig Seeding company data... 
2026-03-30 11:39:06 -DEBUG -org.hibernate.SQL 
    insert 
    into
        company
        (company_values, meta_description, mission, vision, who_we_are, why_choose_us, id) 
    values
        (?, ?, ?, ?, ?, ?, default) 
Hibernate: 
    insert 
    into
        company
        (company_values, meta_description, mission, vision, who_we_are, why_choose_us, id) 
    values
        (?, ?, ?, ?, ?, ?, default)
2026-03-30 11:39:06 -INFO -com.mssd.config.SeedDataConfig Company data seeded successfully 
2026-03-30 11:39:06 -DEBUG -org.hibernate.SQL 
    select
        count(*) 
    from
        highlights h1_0 
Hibernate: 
    select
        count(*) 
    from
        highlights h1_0
2026-03-30 11:39:06 -INFO -com.mssd.config.SeedDataConfig Seeding highlights... 
2026-03-30 11:39:06 -DEBUG -org.hibernate.SQL 
    insert 
    into
        highlights
        (cta_link, cta_text, image_url, subtitle, title, visible, id) 
    values
        (?, ?, ?, ?, ?, ?, default) 
Hibernate: 
    insert 
    into
        highlights
        (cta_link, cta_text, image_url, subtitle, title, visible, id) 
    values
        (?, ?, ?, ?, ?, ?, default)
2026-03-30 11:39:06 -DEBUG -org.hibernate.SQL 
    insert 
    into
        highlights
        (cta_link, cta_text, image_url, subtitle, title, visible, id) 
    values
        (?, ?, ?, ?, ?, ?, default) 
Hibernate: 
    insert 
    into
        highlights
        (cta_link, cta_text, image_url, subtitle, title, visible, id) 
    values
        (?, ?, ?, ?, ?, ?, default)
2026-03-30 11:39:06 -DEBUG -org.hibernate.SQL 
    insert 
    into
        highlights
        (cta_link, cta_text, image_url, subtitle, title, visible, id) 
    values
        (?, ?, ?, ?, ?, ?, default) 
Hibernate: 
    insert 
    into
        highlights
        (cta_link, cta_text, image_url, subtitle, title, visible, id) 
    values
        (?, ?, ?, ?, ?, ?, default)
2026-03-30 11:39:06 -INFO -com.mssd.config.SeedDataConfig Highlights seeded successfully 
2026-03-30 11:39:06 -DEBUG -org.hibernate.SQL 
    select
        count(*) 
    from
        calendars c1_0 
Hibernate: 
    select
        count(*) 
    from
        calendars c1_0
2026-03-30 11:39:06 -INFO -com.mssd.config.SeedDataConfig Seeding calendar events... 
2026-03-30 11:39:06 -DEBUG -org.hibernate.SQL 
    insert 
    into
        calendars
        (created_at, current_capacity, description, end_time, location, max_capacity, start_time, status, title, updated_at, id) 
    values
        (?, ?, ?, ?, ?, ?, ?, ?, ?, ?, default) 
Hibernate: 
    insert 
    into
        calendars
        (created_at, current_capacity, description, end_time, location, max_capacity, start_time, status, title, updated_at, id) 
    values
        (?, ?, ?, ?, ?, ?, ?, ?, ?, ?, default)
2026-03-30 11:39:06 -DEBUG -org.hibernate.SQL 
    insert 
    into
        calendars
        (created_at, current_capacity, description, end_time, location, max_capacity, start_time, status, title, updated_at, id) 
    values
        (?, ?, ?, ?, ?, ?, ?, ?, ?, ?, default) 
Hibernate: 
    insert 
    into
        calendars
        (created_at, current_capacity, description, end_time, location, max_capacity, start_time, status, title, updated_at, id) 
    values
        (?, ?, ?, ?, ?, ?, ?, ?, ?, ?, default)
2026-03-30 11:39:06 -DEBUG -org.hibernate.SQL 
    insert 
    into
        calendars
        (created_at, current_capacity, description, end_time, location, max_capacity, start_time, status, title, updated_at, id) 
    values
        (?, ?, ?, ?, ?, ?, ?, ?, ?, ?, default) 
Hibernate: 
    insert 
    into
        calendars
        (created_at, current_capacity, description, end_time, location, max_capacity, start_time, status, title, updated_at, id) 
    values
        (?, ?, ?, ?, ?, ?, ?, ?, ?, ?, default)
2026-03-30 11:39:06 -DEBUG -org.hibernate.SQL 
    insert 
    into
        calendars
        (created_at, current_capacity, description, end_time, location, max_capacity, start_time, status, title, updated_at, id) 
    values
        (?, ?, ?, ?, ?, ?, ?, ?, ?, ?, default) 
Hibernate: 
    insert 
    into
        calendars
        (created_at, current_capacity, description, end_time, location, max_capacity, start_time, status, title, updated_at, id) 
    values
        (?, ?, ?, ?, ?, ?, ?, ?, ?, ?, default)
2026-03-30 11:39:06 -DEBUG -org.hibernate.SQL 
    insert 
    into
        calendars
        (created_at, current_capacity, description, end_time, location, max_capacity, start_time, status, title, updated_at, id) 
    values
        (?, ?, ?, ?, ?, ?, ?, ?, ?, ?, default) 
Hibernate: 
    insert 
    into
        calendars
        (created_at, current_capacity, description, end_time, location, max_capacity, start_time, status, title, updated_at, id) 
    values
        (?, ?, ?, ?, ?, ?, ?, ?, ?, ?, default)
2026-03-30 11:39:06 -DEBUG -org.hibernate.SQL 
    insert 
    into
        calendars
        (created_at, current_capacity, description, end_time, location, max_capacity, start_time, status, title, updated_at, id) 
    values
        (?, ?, ?, ?, ?, ?, ?, ?, ?, ?, default) 
Hibernate: 
    insert 
    into
        calendars
        (created_at, current_capacity, description, end_time, location, max_capacity, start_time, status, title, updated_at, id) 
    values
        (?, ?, ?, ?, ?, ?, ?, ?, ?, ?, default)
2026-03-30 11:39:06 -INFO -com.mssd.config.SeedDataConfig Calendar events seeded successfully 
2026-03-30 11:39:06 -INFO -com.mssd.config.SeedDataConfig Database seeding completed successfully! 
]]></system-out>
  </testcase>
</testsuite>