<?xml version="1.0" encoding="UTF-8"?>
<testsuite xmlns:xsi="http://www.w3.org/2001/XMLSchema-instance" xsi:noNamespaceSchemaLocation="https://maven.apache.org/surefire/maven-surefire-plugin/xsd/surefire-test-report-3.0.xsd" version="3.0" name="com.mssd.controller.CategoryControllerTest" time="0.527" tests="16" errors="0" skipped="0" failures="0">
  <properties>
[...]
</properties>
  <testcase name="createCategory_ValidCategory_ReturnsCreated" classname="com.mssd.controller.CategoryControllerTest" time="0.031">
    <system-out><![CDATA[2026-03-30 11:38:58 -INFO -o.s.test.context.support.AnnotationConfigContextLoaderUtils Could not detect default configuration classes for test class [com.mssd.controller.CategoryControllerTest]: CategoryControllerTest does not declare any static, non-private, non-final, nested classes annotated with @Configuration. 
2026-03-30 11:38:58 -INFO -o.s.boot.test.context.SpringBootTestContextBootstrapper Found @SpringBootConfiguration com.mssd.MssdApplication for test class com.mssd.controller.CategoryControllerTest 

  .   ____          _            __ _ _
 /\\ / ___'_ __ _ _(_)_ __  __ _ \ \ \ \
( ( )\___ | '_ | '_| | '_ \/ _` | \ \ \ \
 \\/  ___)| |_)| | | | | || (_| |  ) ) ) )
  '  |____| .__|_| |_|_| |_\__, | / / / /
 =========|_|==============|___/=/_/_/_/
 :: Spring Boot ::                (v3.2.0)

2026-03-30 11:38:58 -INFO -com.mssd.controller.CategoryControllerTest Starting CategoryControllerTest using Java 21.0.6 with PID 27248 (started by souha in C:\Users\souha\Downloads\MSSD-mssd\MSSD-mssd\mssd-backend) 
2026-03-30 11:38:58 -DEBUG -com.mssd.controller.CategoryControllerTest Running with Spring Boot v3.2.0, Spring v6.1.1 
2026-03-30 11:38:58 -INFO -com.mssd.controller.CategoryControllerTest No active profile set, falling back to 1 default profile: "default" 
2026-03-30 11:38:58 -DEBUG -o.s.web.context.support.GenericWebApplicationContext Refreshing org.springframework.web.context.support.GenericWebApplicationContext@7462ba4b 
2026-03-30 11:38:59 -DEBUG -o.s.w.s.mvc.method.annotation.RequestMappingHandlerMapping 10 mappings in 'requestMappingHandlerMapping' 
2026-03-30 11:38:59 -DEBUG -o.s.web.servlet.handler.SimpleUrlHandlerMapping Patterns [/webjars/**, /**] in 'resourceHandlerMapping' 
2026-03-30 11:38:59 -DEBUG -o.s.w.s.mvc.method.annotation.RequestMappingHandlerAdapter ControllerAdvice beans: 0 @ModelAttribute, 0 @InitBinder, 1 RequestBodyAdvice, 1 ResponseBodyAdvice 
2026-03-30 11:38:59 -DEBUG -o.s.w.s.m.m.annotation.ExceptionHandlerExceptionResolver ControllerAdvice beans: 1 @ExceptionHandler, 1 ResponseBodyAdvice 
2026-03-30 11:38:59 -INFO -o.s.boot.test.mock.web.SpringBootMockServletContext Initializing Spring TestDispatcherServlet '' 
2026-03-30 11:38:59 -INFO -org.springframework.test.web.servlet.TestDispatcherServlet Initializing Servlet '' 
2026-03-30 11:38:59 -INFO -org.springframework.test.web.servlet.TestDispatcherServlet Completed initialization in 0 ms 
2026-03-30 11:38:59 -INFO -com.mssd.controller.CategoryControllerTest Started CategoryControllerTest in 0.343 seconds (process running for 5.583) 
2026-03-30 11:38:59 -DEBUG -o.s.w.s.mvc.method.annotation.RequestMappingHandlerMapping Mapped to com.mssd.controller.CategoryController#createCategory(Category) 
2026-03-30 11:38:59 -DEBUG -o.s.w.s.m.m.annotation.RequestResponseBodyMethodProcessor Read "application/json;charset=UTF-8" to [Category(id=null, name=New Category, slug=new-category)] 
2026-03-30 11:38:59 -DEBUG -o.s.w.s.mvc.method.annotation.HttpEntityMethodProcessor Using 'application/json', given [*/*] and supported [application/json, application/*+json] 
2026-03-30 11:38:59 -DEBUG -o.s.w.s.mvc.method.annotation.HttpEntityMethodProcessor Writing [Category(id=1, name=Test Category, slug=test-category)] 
]]></system-out>
  </testcase>
  <testcase name="getCategoryById_ValidId_ReturnsCategory" classname="com.mssd.controller.CategoryControllerTest" time="0.006">
    <system-out><![CDATA[2026-03-30 11:38:59 -DEBUG -o.s.w.s.mvc.method.annotation.RequestMappingHandlerMapping Mapped to com.mssd.controller.CategoryController#getCategoryById(Long) 
2026-03-30 11:38:59 -DEBUG -o.s.w.s.mvc.method.annotation.HttpEntityMethodProcessor Using 'application/json', given [*/*] and supported [application/json, application/*+json] 
2026-03-30 11:38:59 -DEBUG -o.s.w.s.mvc.method.annotation.HttpEntityMethodProcessor Writing [Category(id=1, name=Test Category, slug=test-category)] 
]]></system-out>
  </testcase>
  <testcase name="getCategoryBySlug_ValidSlug_ReturnsCategory" classname="com.mssd.controller.CategoryControllerTest" time="0.013">
    <system-out><![CDATA[2026-03-30 11:38:59 -DEBUG -o.s.w.s.mvc.method.annotation.RequestMappingHandlerMapping Mapped to com.mssd.controller.CategoryController#getCategoryBySlug(String) 
2026-03-30 11:38:59 -DEBUG -o.s.w.s.mvc.method.annotation.HttpEntityMethodProcessor Using 'application/json', given [*/*] and supported [application/json, application/*+json] 
2026-03-30 11:38:59 -DEBUG -o.s.w.s.mvc.method.annotation.HttpEntityMethodProcessor Writing [Category(id=1, name=Test Category, slug=test-category)] 
]]></system-out>
  </testcase>
  <testcase name="updateCategory_ValidCategory_ReturnsOk" classname="com.mssd.controller.CategoryControllerTest" time="0.008">
    <system-out><![CDATA[2026-03-30 11:38:59 -DEBUG -o.s.w.s.mvc.method.annotation.RequestMappingHandlerMapping Mapped to com.mssd.controller.CategoryController#updateCategory(Long, Category) 
2026-03-30 11:38:59 -DEBUG -o.s.w.s.m.m.annotation.RequestResponseBodyMethodProcessor Read "application/json;charset=UTF-8" to [Category(id=null, name=Updated Category, slug=updated-category)] 
2026-03-30 11:38:59 -DEBUG -o.s.w.s.mvc.method.annotation.HttpEntityMethodProcessor Using 'application/json', given [*/*] and supported [application/json, application/*+json] 
2026-03-30 11:38:59 -DEBUG -o.s.w.s.mvc.method.annotation.HttpEntityMethodProcessor Writing [Category(id=1, name=Updated Category, slug=updated-category)] 
]]></system-out>
  </testcase>
  <testcase name="createCategory_DuplicateSlug_ReturnsBadRequest" classname="com.mssd.controller.CategoryControllerTest" time="0.01">
    <system-out><![CDATA[2026-03-30 11:38:59 -DEBUG -o.s.w.s.mvc.method.annotation.RequestMappingHandlerMapping Mapped to com.mssd.controller.CategoryController#createCategory(Category) 
2026-03-30 11:38:59 -DEBUG -o.s.w.s.m.m.annotation.RequestResponseBodyMethodProcessor Read "application/json;charset=UTF-8" to [Category(id=null, name=New Category, slug=existing-slug)] 
2026-03-30 11:38:59 -DEBUG -o.s.w.s.mvc.method.annotation.HttpEntityMethodProcessor Using 'application/json', given [*/*] and supported [application/json, application/*+json] 
2026-03-30 11:38:59 -DEBUG -o.s.w.s.mvc.method.annotation.HttpEntityMethodProcessor Nothing to write: null body 
]]></system-out>
  </testcase>
  <testcase name="updateCategory_DuplicateSlug_ReturnsBadRequest" classname="com.mssd.controller.CategoryControllerTest" time="0.005">
    <system-out><![CDATA[2026-03-30 11:38:59 -DEBUG -o.s.w.s.mvc.method.annotation.RequestMappingHandlerMapping Mapped to com.mssd.controller.CategoryController#updateCategory(Long, Category) 
2026-03-30 11:38:59 -DEBUG -o.s.w.s.m.m.annotation.RequestResponseBodyMethodProcessor Read "application/json;charset=UTF-8" to [Category(id=null, name=Updated Category, slug=existing-slug)] 
2026-03-30 11:38:59 -DEBUG -o.s.w.s.mvc.method.annotation.HttpEntityMethodProcessor Using 'application/json', given [*/*] and supported [application/json, application/*+json] 
2026-03-30 11:38:59 -DEBUG -o.s.w.s.mvc.method.annotation.HttpEntityMethodProcessor Nothing to write: null body 
]]></system-out>
  </testcase>
  <testcase name="checkNameExists_NonExistingName_ReturnsFalse" classname="com.mssd.controller.CategoryControllerTest" time="0.005">
    <system-out><![CDATA[2026-03-30 11:38:59 -DEBUG -o.s.w.s.mvc.method.annotation.RequestMappingHandlerMapping Mapped to com.mssd.controller.CategoryController#checkNameExists(String) 
2026-03-30 11:38:59 -DEBUG -o.s.w.s.mvc.method.annotation.HttpEntityMethodProcessor Using 'application/json', given [*/*] and supported [application/json, application/*+json] 
2026-03-30 11:38:59 -DEBUG -o.s.w.s.mvc.method.annotation.HttpEntityMethodProcessor Writing [false] 
]]></system-out>
  </testcase>
  <testcase name="deleteCategory_InvalidId_ReturnsNotFound" classname="com.mssd.controller.CategoryControllerTest" time="0.008">
    <system-out><![CDATA[2026-03-30 11:38:59 -DEBUG -o.s.w.s.mvc.method.annotation.RequestMappingHandlerMapping Mapped to com.mssd.controller.CategoryController#deleteCategory(Long) 
2026-03-30 11:38:59 -DEBUG -o.s.w.s.mvc.method.annotation.HttpEntityMethodProcessor Using 'application/json', given [*/*] and supported [application/json, application/*+json] 
2026-03-30 11:38:59 -DEBUG -o.s.w.s.mvc.method.annotation.HttpEntityMethodProcessor Nothing to write: null body 
]]></system-out>
  </testcase>
  <testcase name="deleteCategory_ValidId_ReturnsNoContent" classname="com.mssd.controller.CategoryControllerTest" time="0.004">
    <system-out><![CDATA[2026-03-30 11:38:59 -DEBUG -o.s.w.s.mvc.method.annotation.RequestMappingHandlerMapping Mapped to com.mssd.controller.CategoryController#deleteCategory(Long) 
2026-03-30 11:38:59 -DEBUG -o.s.w.s.mvc.method.annotation.HttpEntityMethodProcessor Using 'application/json', given [*/*] and supported [application/json, application/*+json] 
2026-03-30 11:38:59 -DEBUG -o.s.w.s.mvc.method.annotation.HttpEntityMethodProcessor Nothing to write: null body 
]]></system-out>
  </testcase>
  <testcase name="getCategoryBySlug_InvalidSlug_ReturnsNotFound" classname="com.mssd.controller.CategoryControllerTest" time="0.012">
    <system-out><![CDATA[2026-03-30 11:38:59 -DEBUG -o.s.w.s.mvc.method.annotation.RequestMappingHandlerMapping Mapped to com.mssd.controller.CategoryController#getCategoryBySlug(String) 
2026-03-30 11:38:59 -DEBUG -o.s.w.s.m.m.annotation.ExceptionHandlerExceptionResolver Using @ExceptionHandler com.mssd.exception.GlobalExceptionHandler#handleResourceNotFound(ResourceNotFoundException) 
2026-03-30 11:38:59 -DEBUG -o.s.w.s.mvc.method.annotation.HttpEntityMethodProcessor Using 'application/json', given [*/*] and supported [application/json, application/*+json] 
2026-03-30 11:38:59 -DEBUG -o.s.w.s.mvc.method.annotation.HttpEntityMethodProcessor Writing [{error=Category not found with slug: invalid-slug}] 
2026-03-30 11:38:59 -DEBUG -o.s.w.s.m.m.annotation.ExceptionHandlerExceptionResolver Resolved [com.mssd.exception.ResourceNotFoundException: Category not found with slug: invalid-slug] 
]]></system-out>
  </testcase>
  <testcase name="updateCategory_InvalidId_ReturnsNotFound" classname="com.mssd.controller.CategoryControllerTest" time="0.004">
    <system-out><![CDATA[2026-03-30 11:38:59 -DEBUG -o.s.w.s.mvc.method.annotation.RequestMappingHandlerMapping Mapped to com.mssd.controller.CategoryController#updateCategory(Long, Category) 
2026-03-30 11:38:59 -DEBUG -o.s.w.s.m.m.annotation.RequestResponseBodyMethodProcessor Read "application/json;charset=UTF-8" to [Category(id=null, name=Updated Category, slug=updated-category)] 
2026-03-30 11:38:59 -DEBUG -o.s.w.s.mvc.method.annotation.HttpEntityMethodProcessor Using 'application/json', given [*/*] and supported [application/json, application/*+json] 
2026-03-30 11:38:59 -DEBUG -o.s.w.s.mvc.method.annotation.HttpEntityMethodProcessor Nothing to write: null body 
]]></system-out>
  </testcase>
  <testcase name="getAllCategories_ReturnsList" classname="com.mssd.controller.CategoryControllerTest" time="0.007">
    <system-out><![CDATA[2026-03-30 11:38:59 -DEBUG -o.s.w.s.mvc.method.annotation.RequestMappingHandlerMapping Mapped to com.mssd.controller.CategoryController#getAllCategories() 
2026-03-30 11:38:59 -DEBUG -o.s.w.s.mvc.method.annotation.HttpEntityMethodProcessor Using 'application/json', given [*/*] and supported [application/json, application/*+json] 
2026-03-30 11:38:59 -DEBUG -o.s.w.s.mvc.method.annotation.HttpEntityMethodProcessor Writing [[Category(id=1, name=Test Category, slug=test-category)]] 
]]></system-out>
  </testcase>
  <testcase name="getCategoryById_InvalidId_ReturnsNotFound" classname="com.mssd.controller.CategoryControllerTest" time="0.004">
    <system-out><![CDATA[2026-03-30 11:38:59 -DEBUG -o.s.w.s.mvc.method.annotation.RequestMappingHandlerMapping Mapped to com.mssd.controller.CategoryController#getCategoryById(Long) 
2026-03-30 11:38:59 -DEBUG -o.s.w.s.m.m.annotation.ExceptionHandlerExceptionResolver Using @ExceptionHandler com.mssd.exception.GlobalExceptionHandler#handleResourceNotFound(ResourceNotFoundException) 
2026-03-30 11:38:59 -DEBUG -o.s.w.s.mvc.method.annotation.HttpEntityMethodProcessor Using 'application/json', given [*/*] and supported [application/json, application/*+json] 
2026-03-30 11:38:59 -DEBUG -o.s.w.s.mvc.method.annotation.HttpEntityMethodProcessor Writing [{error=Category not found with id: 999}] 
2026-03-30 11:38:59 -DEBUG -o.s.w.s.m.m.annotation.ExceptionHandlerExceptionResolver Resolved [com.mssd.exception.ResourceNotFoundException: Category not found with id: 999] 
]]></system-out>
  </testcase>
  <testcase name="checkSlugExists_ExistingSlug_ReturnsTrue" classname="com.mssd.controller.CategoryControllerTest" time="0.005">
    <system-out><![CDATA[2026-03-30 11:38:59 -DEBUG -o.s.w.s.mvc.method.annotation.RequestMappingHandlerMapping Mapped to com.mssd.controller.CategoryController#checkSlugExists(String) 
2026-03-30 11:38:59 -DEBUG -o.s.w.s.mvc.method.annotation.HttpEntityMethodProcessor Using 'application/json', given [*/*] and supported [application/json, application/*+json] 
2026-03-30 11:38:59 -DEBUG -o.s.w.s.mvc.method.annotation.HttpEntityMethodProcessor Writing [true] 
]]></system-out>
  </testcase>
  <testcase name="checkNameExists_ExistingName_ReturnsTrue" classname="com.mssd.controller.CategoryControllerTest" time="0.005">
    <system-out><![CDATA[2026-03-30 11:38:59 -DEBUG -o.s.w.s.mvc.method.annotation.RequestMappingHandlerMapping Mapped to com.mssd.controller.CategoryController#checkNameExists(String) 
2026-03-30 11:38:59 -DEBUG -o.s.w.s.mvc.method.annotation.HttpEntityMethodProcessor Using 'application/json', given [*/*] and supported [application/json, application/*+json] 
2026-03-30 11:38:59 -DEBUG -o.s.w.s.mvc.method.annotation.HttpEntityMethodProcessor Writing [true] 
]]></system-out>
  </testcase>
  <testcase name="checkSlugExists_NonExistingSlug_ReturnsFalse" classname="com.mssd.controller.CategoryControllerTest" time="0.004">
    <system-out><![CDATA[2026-03-30 11:38:59 -DEBUG -o.s.w.s.mvc.method.annotation.RequestMappingHandlerMapping Mapped to com.mssd.controller.CategoryController#checkSlugExists(String) 
2026-03-30 11:38:59 -DEBUG -o.s.w.s.mvc.method.annotation.HttpEntityMethodProcessor Using 'application/json', given [*/*] and supported [application/json, application/*+json] 
2026-03-30 11:38:59 -DEBUG -o.s.w.s.mvc.method.annotation.HttpEntityMethodProcessor Writing [false] 
]]></system-out>
  </testcase>
</testsuite>