<?xml version="1.0" encoding="UTF-8"?>
<testsuite xmlns:xsi="http://www.w3.org/2001/XMLSchema-instance" xsi:noNamespaceSchemaLocation="https://maven.apache.org/surefire/maven-surefire-plugin/xsd/surefire-test-report-3.0.xsd" version="3.0" name="com.mssd.controller.CalendarControllerTest" time="0.333" tests="6" errors="0" skipped="0" failures="0">
  <properties>
[...]
</properties>
  <testcase name="getAvailableCalendars_ShouldReturnAvailableCalendars" classname="com.mssd.controller.CalendarControllerTest" time="0.018">
    <system-out><![CDATA[2025-09-19 08:40:23 -INFO -o.s.test.context.support.AnnotationConfigContextLoaderUtils Could not detect default configuration classes for test class [com.mssd.controller.CalendarControllerTest]: CalendarControllerTest does not declare any static, non-private, non-final, nested classes annotated with @Configuration. 
2025-09-19 08:40:23 -INFO -o.s.boot.test.context.SpringBootTestContextBootstrapper Found @SpringBootConfiguration com.mssd.MssdApplication for test class com.mssd.controller.CalendarControllerTest 

  .   ____          _            __ _ _
 /\\ / ___'_ __ _ _(_)_ __  __ _ \ \ \ \
( ( )\___ | '_ | '_| | '_ \/ _` | \ \ \ \
 \\/  ___)| |_)| | | | | || (_| |  ) ) ) )
  '  |____| .__|_| |_|_| |_\__, | / / / /
 =========|_|==============|___/=/_/_/_/
 :: Spring Boot ::                (v3.2.0)

2025-09-19 08:40:23 -INFO -com.mssd.controller.CalendarControllerTest Starting CalendarControllerTest using Java 17.0.16 with PID 4123 (started by runner in /home/runner/work/MSSD/MSSD/mssd-backend) 
2025-09-19 08:40:23 -DEBUG -com.mssd.controller.CalendarControllerTest Running with Spring Boot v3.2.0, Spring v6.1.1 
2025-09-19 08:40:23 -INFO -com.mssd.controller.CalendarControllerTest No active profile set, falling back to 1 default profile: "default" 
2025-09-19 08:40:23 -DEBUG -o.s.web.context.support.GenericWebApplicationContext Refreshing org.springframework.web.context.support.GenericWebApplicationContext@3bf31f3e 
2025-09-19 08:40:23 -DEBUG -o.s.w.s.mvc.method.annotation.RequestMappingHandlerMapping 11 mappings in 'requestMappingHandlerMapping' 
2025-09-19 08:40:23 -DEBUG -o.s.web.servlet.handler.SimpleUrlHandlerMapping Patterns [/webjars/**, /**] in 'resourceHandlerMapping' 
2025-09-19 08:40:23 -DEBUG -o.s.w.s.mvc.method.annotation.RequestMappingHandlerAdapter ControllerAdvice beans: 0 @ModelAttribute, 0 @InitBinder, 1 RequestBodyAdvice, 1 ResponseBodyAdvice 
2025-09-19 08:40:23 -DEBUG -o.s.w.s.m.m.annotation.ExceptionHandlerExceptionResolver ControllerAdvice beans: 1 @ExceptionHandler, 1 ResponseBodyAdvice 
2025-09-19 08:40:23 -INFO -o.s.boot.test.mock.web.SpringBootMockServletContext Initializing Spring TestDispatcherServlet '' 
2025-09-19 08:40:23 -INFO -org.springframework.test.web.servlet.TestDispatcherServlet Initializing Servlet '' 
2025-09-19 08:40:23 -INFO -org.springframework.test.web.servlet.TestDispatcherServlet Completed initialization in 0 ms 
2025-09-19 08:40:23 -INFO -com.mssd.controller.CalendarControllerTest Started CalendarControllerTest in 0.244 seconds (process running for 9.734) 
2025-09-19 08:40:23 -DEBUG -o.s.w.s.mvc.method.annotation.RequestMappingHandlerMapping Mapped to com.mssd.controller.CalendarController#getAvailableCalendars() 
2025-09-19 08:40:23 -DEBUG -o.s.w.s.mvc.method.annotation.HttpEntityMethodProcessor Using 'application/json', given [*/*] and supported [application/json, application/*+json] 
2025-09-19 08:40:23 -DEBUG -o.s.w.s.mvc.method.annotation.HttpEntityMethodProcessor Writing [[CalendarDto(id=1, title=Test Event, description=Test Description, startTime=2025-09-20T08:40:23.382 (truncated)...] 
]]></system-out>
  </testcase>
  <testcase name="updateCalendar_ShouldReturnUpdatedCalendar" classname="com.mssd.controller.CalendarControllerTest" time="0.026">
    <system-out><![CDATA[2025-09-19 08:40:23 -DEBUG -o.s.w.s.mvc.method.annotation.RequestMappingHandlerMapping Mapped to com.mssd.controller.CalendarController#updateCalendar(Long, CalendarRequestDto) 
2025-09-19 08:40:23 -DEBUG -o.s.w.s.m.m.annotation.RequestResponseBodyMethodProcessor Read "application/json;charset=UTF-8" to [CalendarRequestDto(title=Test Event, description=Test Description, startTime=2025-09-20T08:40:23.400 (truncated)...] 
2025-09-19 08:40:23 -DEBUG -o.s.w.s.mvc.method.annotation.HttpEntityMethodProcessor Using 'application/json', given [*/*] and supported [application/json, application/*+json] 
2025-09-19 08:40:23 -DEBUG -o.s.w.s.mvc.method.annotation.HttpEntityMethodProcessor Writing [CalendarDto(id=1, title=Test Event, description=Test Description, startTime=2025-09-20T08:40:23.4006 (truncated)...] 
]]></system-out>
  </testcase>
  <testcase name="getCalendarById_ShouldReturnCalendar" classname="com.mssd.controller.CalendarControllerTest" time="0.005">
    <system-out><![CDATA[2025-09-19 08:40:23 -DEBUG -o.s.w.s.mvc.method.annotation.RequestMappingHandlerMapping Mapped to com.mssd.controller.CalendarController#getCalendarById(Long) 
2025-09-19 08:40:23 -DEBUG -o.s.w.s.mvc.method.annotation.HttpEntityMethodProcessor Using 'application/json', given [*/*] and supported [application/json, application/*+json] 
2025-09-19 08:40:23 -DEBUG -o.s.w.s.mvc.method.annotation.HttpEntityMethodProcessor Writing [CalendarDto(id=1, title=Test Event, description=Test Description, startTime=2025-09-20T08:40:23.4282 (truncated)...] 
]]></system-out>
  </testcase>
  <testcase name="deleteCalendar_ShouldReturnNoContent" classname="com.mssd.controller.CalendarControllerTest" time="0.004">
    <system-out><![CDATA[2025-09-19 08:40:23 -DEBUG -o.s.w.s.mvc.method.annotation.RequestMappingHandlerMapping Mapped to com.mssd.controller.CalendarController#deleteCalendar(Long) 
2025-09-19 08:40:23 -DEBUG -o.s.w.s.mvc.method.annotation.HttpEntityMethodProcessor Using 'application/json', given [*/*] and supported [application/json, application/*+json] 
2025-09-19 08:40:23 -DEBUG -o.s.w.s.mvc.method.annotation.HttpEntityMethodProcessor Nothing to write: null body 
]]></system-out>
  </testcase>
  <testcase name="createCalendar_ShouldReturnCreatedCalendar" classname="com.mssd.controller.CalendarControllerTest" time="0.006">
    <system-out><![CDATA[2025-09-19 08:40:23 -DEBUG -o.s.w.s.mvc.method.annotation.RequestMappingHandlerMapping Mapped to com.mssd.controller.CalendarController#createCalendar(CalendarRequestDto) 
2025-09-19 08:40:23 -DEBUG -o.s.w.s.m.m.annotation.RequestResponseBodyMethodProcessor Read "application/json;charset=UTF-8" to [CalendarRequestDto(title=Test Event, description=Test Description, startTime=2025-09-20T08:40:23.439 (truncated)...] 
2025-09-19 08:40:23 -DEBUG -o.s.w.s.mvc.method.annotation.HttpEntityMethodProcessor Using 'application/json', given [*/*] and supported [application/json, application/*+json] 
2025-09-19 08:40:23 -DEBUG -o.s.w.s.mvc.method.annotation.HttpEntityMethodProcessor Writing [CalendarDto(id=1, title=Test Event, description=Test Description, startTime=2025-09-20T08:40:23.4393 (truncated)...] 
]]></system-out>
  </testcase>
  <testcase name="getAllCalendars_ShouldReturnCalendarList" classname="com.mssd.controller.CalendarControllerTest" time="0.005">
    <system-out><![CDATA[2025-09-19 08:40:23 -DEBUG -o.s.w.s.mvc.method.annotation.RequestMappingHandlerMapping Mapped to com.mssd.controller.CalendarController#getAllCalendars() 
2025-09-19 08:40:23 -DEBUG -o.s.w.s.mvc.method.annotation.HttpEntityMethodProcessor Using 'application/json', given [*/*] and supported [application/json, application/*+json] 
2025-09-19 08:40:23 -DEBUG -o.s.w.s.mvc.method.annotation.HttpEntityMethodProcessor Writing [[CalendarDto(id=1, title=Test Event, description=Test Description, startTime=2025-09-20T08:40:23.446 (truncated)...] 
]]></system-out>
  </testcase>
</testsuite>